2020-10-10 11:35:13,668 [INFO] from play.api.db.DefaultDBApi in play-dev-mode-akka.actor.default-dispatcher-4 - Database [default] initialized
2020-10-10 11:35:13,676 [INFO] from play.api.db.HikariCPConnectionPool in play-dev-mode-akka.actor.default-dispatcher-4 - Creating Pool for datasource 'default'
2020-10-10 11:35:13,694 [INFO] from com.zaxxer.hikari.HikariDataSource in play-dev-mode-akka.actor.default-dispatcher-4 - HikariPool-1 - Starting...
2020-10-10 11:35:13,720 [INFO] from com.zaxxer.hikari.HikariDataSource in play-dev-mode-akka.actor.default-dispatcher-4 - HikariPool-1 - Start completed.
2020-10-10 11:35:14,220 [INFO] from akka.event.slf4j.Slf4jLogger in application-akka.actor.default-dispatcher-6 - Slf4jLogger started
2020-10-10 11:35:14,332 [INFO] from play.api.http.EnabledFilters in play-dev-mode-akka.actor.default-dispatcher-4 - Enabled Filters (see <https://www.playframework.com/documentation/latest/Filters>):

    play.filters.csrf.CSRFFilter
    play.filters.headers.SecurityHeadersFilter
    play.filters.hosts.AllowedHostsFilter

2020-10-10 11:35:14,396 [INFO] from play.api.Play in play-dev-mode-akka.actor.default-dispatcher-4 - Application started (Dev) (no global state)
2020-10-10 11:35:14,500 [ERROR] from play.api.http.DefaultHttpErrorHandler in play-dev-mode-akka.actor.default-dispatcher-4 - 

! @7hco8552e - Internal server error, for (GET) [/] ->
 
play.api.db.evolutions.InvalidDatabaseRevision: Database 'default' needs evolution![An SQL script need to be run on your database.]
	at play.api.db.evolutions.EvolutionsWebCommands.$anonfun$handleWebCommand$5(ApplicationEvolutions.scala:519)
	at play.api.db.evolutions.EvolutionsWebCommands.$anonfun$handleWebCommand$5$adapted(ApplicationEvolutions.scala:517)
	at play.api.db.evolutions.ApplicationEvolutions$.$anonfun$runEvolutions$1(ApplicationEvolutions.scala:210)
	at play.api.db.evolutions.ApplicationEvolutions$.withLock(ApplicationEvolutions.scala:231)
	at play.api.db.evolutions.ApplicationEvolutions$.runEvolutions(ApplicationEvolutions.scala:201)
	at play.api.db.evolutions.EvolutionsWebCommands.$anonfun$handleWebCommand$4(ApplicationEvolutions.scala:517)
	at play.api.db.evolutions.EvolutionsWebCommands.$anonfun$handleWebCommand$4$adapted(ApplicationEvolutions.scala:512)
	at scala.collection.immutable.List.foreach(List.scala:305)
	at play.api.db.evolutions.EvolutionsWebCommands.handleWebCommand(ApplicationEvolutions.scala:512)
	at play.core.DefaultWebCommands.$anonfun$handleWebCommand$1(WebCommands.scala:42)
	at scala.collection.immutable.Stream.flatMap(Stream.scala:202)
	at play.core.DefaultWebCommands.handleWebCommand(WebCommands.scala:42)
	at play.api.http.DefaultHttpRequestHandler.$anonfun$handlerForRequest$4(HttpRequestHandler.scala:223)
	at scala.Option.flatMap(Option.scala:283)
	at play.api.http.DefaultHttpRequestHandler.handlerForRequest(HttpRequestHandler.scala:222)
	at play.core.server.Server$.getHandlerFor(Server.scala:126)
	at play.core.server.AkkaHttpServer.handleRequest(AkkaHttpServer.scala:316)
	at play.core.server.AkkaHttpServer.$anonfun$createServerBinding$1(AkkaHttpServer.scala:191)
	at akka.stream.impl.fusing.MapAsync$$anon$30.onPush(Ops.scala:1285)
	at akka.stream.impl.fusing.GraphInterpreter.processPush(GraphInterpreter.scala:541)
	at akka.stream.impl.fusing.GraphInterpreter.execute(GraphInterpreter.scala:423)
	at akka.stream.impl.fusing.GraphInterpreterShell.runBatch(ActorGraphInterpreter.scala:625)
	at akka.stream.impl.fusing.GraphInterpreterShell$AsyncInput.execute(ActorGraphInterpreter.scala:502)
	at akka.stream.impl.fusing.GraphInterpreterShell.processEvent(ActorGraphInterpreter.scala:600)
	at akka.stream.impl.fusing.ActorGraphInterpreter.akka$stream$impl$fusing$ActorGraphInterpreter$$processEvent(ActorGraphInterpreter.scala:769)
	at akka.stream.impl.fusing.ActorGraphInterpreter$$anonfun$receive$1.applyOrElse(ActorGraphInterpreter.scala:784)
	at akka.actor.Actor.aroundReceive(Actor.scala:535)
	at akka.actor.Actor.aroundReceive$(Actor.scala:533)
	at akka.stream.impl.fusing.ActorGraphInterpreter.aroundReceive(ActorGraphInterpreter.scala:691)
	at akka.actor.ActorCell.receiveMessage(ActorCell.scala:575)
	at akka.actor.ActorCell.invoke(ActorCell.scala:545)
	at akka.dispatch.Mailbox.processMailbox(Mailbox.scala:270)
	at akka.dispatch.Mailbox.run(Mailbox.scala:231)
	at akka.dispatch.Mailbox.exec(Mailbox.scala:243)
	at java.util.concurrent.ForkJoinTask.doExec(ForkJoinTask.java:289)
	at java.util.concurrent.ForkJoinPool$WorkQueue.runTask(ForkJoinPool.java:1056)
	at java.util.concurrent.ForkJoinPool.runWorker(ForkJoinPool.java:1692)
	at java.util.concurrent.ForkJoinWorkerThread.run(ForkJoinWorkerThread.java:172)
2020-10-10 11:35:25,951 [INFO] from play.api.db.HikariCPConnectionPool in application-akka.actor.internal-dispatcher-3 - Shutting down connection pool.
2020-10-10 11:35:25,953 [INFO] from com.zaxxer.hikari.HikariDataSource in application-akka.actor.internal-dispatcher-3 - HikariPool-1 - Shutdown initiated...
2020-10-10 11:35:25,965 [INFO] from com.zaxxer.hikari.HikariDataSource in application-akka.actor.internal-dispatcher-3 - HikariPool-1 - Shutdown completed.
2020-10-10 11:35:26,204 [INFO] from play.api.db.DefaultDBApi in play-dev-mode-akka.actor.default-dispatcher-6 - Database [default] initialized
2020-10-10 11:35:26,205 [INFO] from play.api.db.HikariCPConnectionPool in play-dev-mode-akka.actor.default-dispatcher-6 - Creating Pool for datasource 'default'
2020-10-10 11:35:26,205 [INFO] from com.zaxxer.hikari.HikariDataSource in play-dev-mode-akka.actor.default-dispatcher-6 - HikariPool-2 - Starting...
2020-10-10 11:35:26,206 [INFO] from com.zaxxer.hikari.HikariDataSource in play-dev-mode-akka.actor.default-dispatcher-6 - HikariPool-2 - Start completed.
2020-10-10 11:35:26,254 [INFO] from akka.event.slf4j.Slf4jLogger in application-akka.actor.default-dispatcher-8 - Slf4jLogger started
2020-10-10 11:35:26,300 [INFO] from play.api.http.EnabledFilters in play-dev-mode-akka.actor.default-dispatcher-6 - Enabled Filters (see <https://www.playframework.com/documentation/latest/Filters>):

    play.filters.csrf.CSRFFilter
    play.filters.headers.SecurityHeadersFilter
    play.filters.hosts.AllowedHostsFilter

2020-10-10 11:35:26,318 [INFO] from play.api.Play in play-dev-mode-akka.actor.default-dispatcher-6 - Application started (Dev) (no global state)
